[DEBUG] 2026-04-22 12:12:02.579 [main] PackageRelationshipCollection - Parsing relationship: /xl/_rels/workbook.xml.rels
[DEBUG] 2026-04-22 12:12:02.590 [main] PackageRelationshipCollection - Parsing relationship: /xl/worksheets/_rels/sheet1.xml.rels
[DEBUG] 2026-04-22 12:12:02.592 [main] PackageRelationshipCollection - Parsing relationship: /xl/worksheets/_rels/sheet2.xml.rels
[DEBUG] 2026-04-22 12:12:02.595 [main] PackageRelationshipCollection - Parsing relationship: /_rels/.rels
[INFO ] 2026-04-22 12:12:06.314 [TestNG-PoolService-1] tutorialLogin - Website launched
[INFO ] 2026-04-22 12:12:06.318 [TestNG-PoolService-2] tutorialLogin - Website launched
[INFO ] 2026-04-22 12:12:11.498 [main] tutorialLogin - Website launched
[INFO ] 2026-04-22 12:12:14.584 [main] tutorialLogin - Website launched
[DEBUG] 2026-04-22 12:12:15.988 [main] PackageRelationshipCollection - Parsing relationship: /xl/_rels/workbook.xml.rels
[DEBUG] 2026-04-22 12:12:15.990 [main] PackageRelationshipCollection - Parsing relationship: /xl/worksheets/_rels/sheet1.xml.rels
[DEBUG] 2026-04-22 12:12:15.992 [main] PackageRelationshipCollection - Parsing relationship: /xl/worksheets/_rels/sheet2.xml.rels
[DEBUG] 2026-04-22 12:12:15.993 [main] PackageRelationshipCollection - Parsing relationship: /_rels/.rels
[INFO ] 2026-04-22 12:12:17.180 [TestNG-PoolService-1] tutorialLogin - Website launched
[INFO ] 2026-04-22 12:12:19.730 [TestNG-PoolService-1] tutorialLogin - Login sucessfull
[DEBUG] 2026-04-22 12:26:18.260 [main] PackageRelationshipCollection - Parsing relationship: /xl/_rels/workbook.xml.rels
[DEBUG] 2026-04-22 12:26:18.270 [main] PackageRelationshipCollection - Parsing relationship: /xl/worksheets/_rels/sheet1.xml.rels
[DEBUG] 2026-04-22 12:26:18.272 [main] PackageRelationshipCollection - Parsing relationship: /xl/worksheets/_rels/sheet2.xml.rels
[DEBUG] 2026-04-22 12:26:18.274 [main] PackageRelationshipCollection - Parsing relationship: /_rels/.rels
[INFO ] 2026-04-22 12:26:21.574 [TestNG-PoolService-2] tutorialLogin - Website launched
[INFO ] 2026-04-22 12:26:21.682 [TestNG-PoolService-1] tutorialLogin - Website launched
[INFO ] 2026-04-22 12:26:28.118 [main] tutorialLogin - Website launched
[INFO ] 2026-04-22 12:26:31.022 [main] tutorialLogin - Website launched
[DEBUG] 2026-04-22 12:26:32.483 [main] PackageRelationshipCollection - Parsing relationship: /xl/_rels/workbook.xml.rels
[DEBUG] 2026-04-22 12:26:32.484 [main] PackageRelationshipCollection - Parsing relationship: /xl/worksheets/_rels/sheet1.xml.rels
[DEBUG] 2026-04-22 12:26:32.487 [main] PackageRelationshipCollection - Parsing relationship: /xl/worksheets/_rels/sheet2.xml.rels
[DEBUG] 2026-04-22 12:26:32.489 [main] PackageRelationshipCollection - Parsing relationship: /_rels/.rels
[INFO ] 2026-04-22 12:26:33.748 [TestNG-PoolService-1] tutorialLogin - Website launched
[INFO ] 2026-04-22 12:26:36.652 [TestNG-PoolService-1] tutorialLogin - Login sucessfull
[DEBUG] 2026-04-22 12:30:53.043 [main] PackageRelationshipCollection - Parsing relationship: /xl/_rels/workbook.xml.rels
[DEBUG] 2026-04-22 12:30:53.052 [main] PackageRelationshipCollection - Parsing relationship: /xl/worksheets/_rels/sheet1.xml.rels
[DEBUG] 2026-04-22 12:30:53.055 [main] PackageRelationshipCollection - Parsing relationship: /xl/worksheets/_rels/sheet2.xml.rels
[DEBUG] 2026-04-22 12:30:53.057 [main] PackageRelationshipCollection - Parsing relationship: /_rels/.rels
[INFO ] 2026-04-22 12:30:56.819 [TestNG-PoolService-1] tutorialLogin - Website launched
[INFO ] 2026-04-22 12:30:56.861 [TestNG-PoolService-2] tutorialLogin - Website launched
[INFO ] 2026-04-22 12:31:05.621 [main] tutorialLogin - Website launched
[INFO ] 2026-04-22 12:31:08.243 [main] tutorialLogin - Website launched
[ERROR] 2026-04-22 12:31:19.614 [main] tutorialLogin - Aseertion is wrong
[DEBUG] 2026-04-22 12:31:20.052 [main] PackageRelationshipCollection - Parsing relationship: /xl/_rels/workbook.xml.rels
[DEBUG] 2026-04-22 12:31:20.055 [main] PackageRelationshipCollection - Parsing relationship: /xl/worksheets/_rels/sheet1.xml.rels
[DEBUG] 2026-04-22 12:31:20.057 [main] PackageRelationshipCollection - Parsing relationship: /xl/worksheets/_rels/sheet2.xml.rels
[DEBUG] 2026-04-22 12:31:20.059 [main] PackageRelationshipCollection - Parsing relationship: /_rels/.rels
[INFO ] 2026-04-22 12:31:21.345 [TestNG-PoolService-1] tutorialLogin - Website launched
[INFO ] 2026-04-22 12:31:25.663 [TestNG-PoolService-1] tutorialLogin - Login sucessfull
